#
# There is insufficient memory for the Java Runtime Environment to continue.
# Native memory allocation (mmap) failed to map 10002432 bytes for committing reserved memory.
# Possible reasons:
#   The system is out of physical RAM or swap space
#   The process is running with CompressedOops enabled, and the Java Heap may be blocking the growth of the native heap
# Possible solutions:
#   Reduce memory load on the system
#   Increase physical memory or swap space
#   Check if swap backing store is full
#   Decrease Java heap size (-Xmx/-Xms)
#   Decrease number of Java threads
#   Decrease Java thread stack sizes (-Xss)
#   Set larger code cache with -XX:ReservedCodeCacheSize=
#   JVM is running with Unscaled Compressed Oops mode in which the Java heap is
#     placed in the first 4GB address space. The Java Heap base address is the
#     maximum limit for the native heap growth. Please use -XX:HeapBaseMinAddress
#     to set the Java Heap base and to place the Java Heap above 4GB virtual address.
# This output file may be truncated or incomplete.
#
#  Out of Memory Error (os_linux.cpp:2757), pid=25433, tid=0x00007f29098dc700
#
# JRE version: OpenJDK Runtime Environment (8.0_252-b09) (build 1.8.0_252-8u252-b09-1~18.04-b09)
# Java VM: OpenJDK 64-Bit Server VM (25.252-b09 mixed mode linux-amd64 compressed oops)
# Failed to write core dump. Core dumps have been disabled. To enable core dumping, try "ulimit -c unlimited" before starting Java again
#

---------------  T H R E A D  ---------------

Current thread (0x00007f2904070000):  VMThread [stack: 0x00007f29097dd000,0x00007f29098dd000] [id=25453]

Stack: [0x00007f29097dd000,0x00007f29098dd000],  sp=0x00007f29098daf20,  free space=1015k
Native frames: (J=compiled Java code, j=interpreted, Vv=VM code, C=native code)
V  [libjvm.so+0xabcb22]
V  [libjvm.so+0x4de337]
V  [libjvm.so+0x8f6ad0]
V  [libjvm.so+0x8edb9e]
V  [libjvm.so+0xab92f0]
V  [libjvm.so+0x5e5e3d]
V  [libjvm.so+0x5e6dc3]
V  [libjvm.so+0x5d23c6]
V  [libjvm.so+0x4e6366]
V  [libjvm.so+0x63491d]
V  [libjvm.so+0x9d42ff]
V  [libjvm.so+0x4e3170]
V  [libjvm.so+0x5d0aeb]
V  [libjvm.so+0x4e4da0]
V  [libjvm.so+0x5d1a0f]
V  [libjvm.so+0x45c68c]
V  [libjvm.so+0xabda5f]
V  [libjvm.so+0xac3446]
V  [libjvm.so+0xac16f5]
V  [libjvm.so+0xac1fce]
V  [libjvm.so+0xac2428]
V  [libjvm.so+0x8f3e62]

VM_Operation (0x00007f28f439d140): GenCollectForAllocation, mode: safepoint, requested by thread 0x00007f2904fee000


---------------  P R O C E S S  ---------------

Java Threads: ( => current thread )
  0x00007f2904fee000 JavaThread "pool-13-thread-1" [_thread_blocked, id=25543, stack(0x00007f28f429e000,0x00007f28f439f000)]
  0x00007f2905431000 JavaThread "resolver-2" daemon [_thread_blocked, id=25540, stack(0x00007f28f409c000,0x00007f28f419d000)]
  0x00007f29053f7000 JavaThread "resolver-1" daemon [_thread_blocked, id=25519, stack(0x00007f28d7dfe000,0x00007f28d7eff000)]
  0x00007f29040c9800 JavaThread "Service Thread" daemon [_thread_blocked, id=25459, stack(0x00007f2908e97000,0x00007f2908f98000)]
  0x00007f29040b4800 JavaThread "C1 CompilerThread1" daemon [_thread_blocked, id=25458, stack(0x00007f2908f99000,0x00007f2909099000)]
  0x00007f29040b2000 JavaThread "C2 CompilerThread0" daemon [_thread_blocked, id=25457, stack(0x00007f290909a000,0x00007f290919a000)]
  0x00007f29040b0800 JavaThread "Signal Dispatcher" daemon [_thread_blocked, id=25456, stack(0x00007f290919a000,0x00007f290929b000)]
  0x00007f290407e000 JavaThread "Finalizer" daemon [_thread_blocked, id=25455, stack(0x00007f29095da000,0x00007f29096db000)]
  0x00007f2904079800 JavaThread "Reference Handler" daemon [_thread_blocked, id=25454, stack(0x00007f29096db000,0x00007f29097dc000)]
  0x00007f290400b800 JavaThread "main" [_thread_blocked, id=25452, stack(0x00007f290de73000,0x00007f290df73000)]

Other Threads:
=>0x00007f2904070000 VMThread [stack: 0x00007f29097dd000,0x00007f29098dd000] [id=25453]
  0x00007f29040dc800 WatcherThread [stack: 0x00007f2908d97000,0x00007f2908e97000] [id=25460]

VM state:at safepoint (normal execution)

VM Mutex/Monitor currently owned by a thread:  ([mutex/lock_event])
[0x00007f2904007f80] Threads_lock - owner thread: 0x00007f2904070000
[0x00007f2904008480] Heap_lock - owner thread: 0x00007f2904fee000

heap address: 0x00000000f0800000, size: 248 MB, Compressed Oops mode: 32-bit
Narrow klass base: 0x0000000000000000, Narrow klass shift: 3
Compressed class space size: 1073741824 Address: 0x0000000100000000

Heap:
 def new generation   total 55616K, used 41097K [0x00000000f0800000, 0x00000000f4450000, 0x00000000f5aa0000)
  eden space 49472K,  80% used [0x00000000f0800000, 0x00000000f2f1aab0, 0x00000000f3850000)
  from space 6144K,  17% used [0x00000000f3e50000, 0x00000000f3f57d40, 0x00000000f4450000)
  to   space 6144K,   6% used [0x00000000f3850000, 0x00000000f38ba6e0, 0x00000000f3e50000)
 tenured generation   total 152772K, used 152466K [0x00000000f5aa0000, 0x00000000fefd1000, 0x0000000100000000)
   the space 152772K,  99% used [0x00000000f5aa0000, 0x00000000fef849d0, 0x00000000fef84a00, 0x00000000fefd1000)
 Metaspace       used 39864K, capacity 41166K, committed 41344K, reserved 1085440K
  class space    used 4338K, capacity 4655K, committed 4736K, reserved 1048576K

Card table byte_map: [0x00007f290dded000,0x00007f290de6a000] byte_map_base: 0x00007f290d669000

Polling page: 0x00007f290df7b000

CodeCache: size=245760Kb used=30584Kb max_used=30593Kb free=215175Kb
 bounds [0x00007f28f5000000, 0x00007f28f6e10000, 0x00007f2904000000]
 total_blobs=8979 nmethods=8476 adapters=416
 compilation: enabled

Compilation events (10 events):
Event: 282.997 Thread 0x00007f29040b4800 nmethod 10921 0x00007f28f6dfc710 code [0x00007f28f6dfc860, 0x00007f28f6dfc9b0]
Event: 283.009 Thread 0x00007f29040b4800 10922   !   2       org.codehaus.plexus.archiver.AbstractArchiver$1::hasNext (421 bytes)
Event: 283.011 Thread 0x00007f29040b4800 nmethod 10922 0x00007f28f6dfa610 code [0x00007f28f6dfa9a0, 0x00007f28f6dfba00]
Event: 283.011 Thread 0x00007f29040b4800 10923       2       org.codehaus.plexus.components.io.resources.PlexusIoFileResource::isFile (8 bytes)
Event: 283.012 Thread 0x00007f29040b4800 nmethod 10923 0x00007f28f6dfa250 code [0x00007f28f6dfa3c0, 0x00007f28f6dfa520]
Event: 283.016 Thread 0x00007f29040b4800 10929       2       org.apache.commons.compress.archivers.zip.ZipArchiveEntry::getAllExtraFieldsNoCopy (31 bytes)
Event: 283.020 Thread 0x00007f29040b4800 nmethod 10929 0x00007f28f6df99d0 code [0x00007f28f6df9b60, 0x00007f28f6dfa000]
Event: 283.020 Thread 0x00007f29040b4800 10930       2       org.apache.commons.compress.archivers.zip.ZipArchiveOutputStream::hasZip64Extra (16 bytes)
Event: 283.020 Thread 0x00007f29040b4800 nmethod 10930 0x00007f28f6df95d0 code [0x00007f28f6df9740, 0x00007f28f6df98e0]
Event: 283.020 Thread 0x00007f29040b4800 10926       2       org.apache.commons.compress.archivers.zip.StreamCompressor::getTotalBytesWritten (5 bytes)

GC Heap History (10 events):
Event: 280.360 GC heap after
Heap after GC invocations=163 (full 8):
 def new generation   total 55616K, used 6143K [0x00000000f0800000, 0x00000000f4450000, 0x00000000f5aa0000)
  eden space 49472K,   0% used [0x00000000f0800000, 0x00000000f0800000, 0x00000000f3850000)
  from space 6144K,  99% used [0x00000000f3e50000, 0x00000000f444fff8, 0x00000000f4450000)
  to   space 6144K,   0% used [0x00000000f3850000, 0x00000000f3850000, 0x00000000f3e50000)
 tenured generation   total 123468K, used 119637K [0x00000000f5aa0000, 0x00000000fd333000, 0x0000000100000000)
   the space 123468K,  96% used [0x00000000f5aa0000, 0x00000000fcf75480, 0x00000000fcf75600, 0x00000000fd333000)
 Metaspace       used 38503K, capacity 39760K, committed 39808K, reserved 1085440K
  class space    used 4167K, capacity 4443K, committed 4480K, reserved 1048576K
}
Event: 280.881 GC heap before
{Heap before GC invocations=163 (full 8):
 def new generation   total 55616K, used 55615K [0x00000000f0800000, 0x00000000f4450000, 0x00000000f5aa0000)
  eden space 49472K, 100% used [0x00000000f0800000, 0x00000000f3850000, 0x00000000f3850000)
  from space 6144K,  99% used [0x00000000f3e50000, 0x00000000f444fff8, 0x00000000f4450000)
  to   space 6144K,   0% used [0x00000000f3850000, 0x00000000f3850000, 0x00000000f3e50000)
 tenured generation   total 123468K, used 119637K [0x00000000f5aa0000, 0x00000000fd333000, 0x0000000100000000)
   the space 123468K,  96% used [0x00000000f5aa0000, 0x00000000fcf75480, 0x00000000fcf75600, 0x00000000fd333000)
 Metaspace       used 38556K, capacity 39762K, committed 39808K, reserved 1085440K
  class space    used 4171K, capacity 4445K, committed 4480K, reserved 1048576K
Event: 280.900 GC heap after
Heap after GC invocations=164 (full 8):
 def new generation   total 55616K, used 3415K [0x00000000f0800000, 0x00000000f4450000, 0x00000000f5aa0000)
  eden space 49472K,   0% used [0x00000000f0800000, 0x00000000f0800000, 0x00000000f3850000)
  from space 6144K,  55% used [0x00000000f3850000, 0x00000000f3ba5e38, 0x00000000f3e50000)
  to   space 6144K,   0% used [0x00000000f3e50000, 0x00000000f3e50000, 0x00000000f4450000)
 tenured generation   total 123468K, used 120614K [0x00000000f5aa0000, 0x00000000fd333000, 0x0000000100000000)
   the space 123468K,  97% used [0x00000000f5aa0000, 0x00000000fd069840, 0x00000000fd069a00, 0x00000000fd333000)
 Metaspace       used 38556K, capacity 39762K, committed 39808K, reserved 1085440K
  class space    used 4171K, capacity 4445K, committed 4480K, reserved 1048576K
}
Event: 281.396 GC heap before
{Heap before GC invocations=164 (full 8):
 def new generation   total 55616K, used 52887K [0x00000000f0800000, 0x00000000f4450000, 0x00000000f5aa0000)
  eden space 49472K, 100% used [0x00000000f0800000, 0x00000000f3850000, 0x00000000f3850000)
  from space 6144K,  55% used [0x00000000f3850000, 0x00000000f3ba5e38, 0x00000000f3e50000)
  to   space 6144K,   0% used [0x00000000f3e50000, 0x00000000f3e50000, 0x00000000f4450000)
 tenured generation   total 123468K, used 120614K [0x00000000f5aa0000, 0x00000000fd333000, 0x0000000100000000)
   the space 123468K,  97% used [0x00000000f5aa0000, 0x00000000fd069840, 0x00000000fd069a00, 0x00000000fd333000)
 Metaspace       used 38564K, capacity 39768K, committed 39808K, reserved 1085440K
  class space    used 4171K, capacity 4446K, committed 4480K, reserved 1048576K
Event: 281.404 GC heap after
Heap after GC invocations=165 (full 8):
 def new generation   total 55616K, used 2591K [0x00000000f0800000, 0x00000000f4450000, 0x00000000f5aa0000)
  eden space 49472K,   0% used [0x00000000f0800000, 0x00000000f0800000, 0x00000000f3850000)
  from space 6144K,  42% used [0x00000000f3e50000, 0x00000000f40d7cf0, 0x00000000f4450000)
  to   space 6144K,   0% used [0x00000000f3850000, 0x00000000f3850000, 0x00000000f3e50000)
 tenured generation   total 123468K, used 121091K [0x00000000f5aa0000, 0x00000000fd333000, 0x0000000100000000)
   the space 123468K,  98% used [0x00000000f5aa0000, 0x00000000fd0e0c40, 0x00000000fd0e0e00, 0x00000000fd333000)
 Metaspace       used 38564K, capacity 39768K, committed 39808K, reserved 1085440K
  class space    used 4171K, capacity 4446K, committed 4480K, reserved 1048576K
}
Event: 282.440 GC heap before
{Heap before GC invocations=165 (full 8):
 def new generation   total 55616K, used 52063K [0x00000000f0800000, 0x00000000f4450000, 0x00000000f5aa0000)
  eden space 49472K, 100% used [0x00000000f0800000, 0x00000000f3850000, 0x00000000f3850000)
  from space 6144K,  42% used [0x00000000f3e50000, 0x00000000f40d7cf0, 0x00000000f4450000)
  to   space 6144K,   0% used [0x00000000f3850000, 0x00000000f3850000, 0x00000000f3e50000)
 tenured generation   total 123468K, used 121091K [0x00000000f5aa0000, 0x00000000fd333000, 0x0000000100000000)
   the space 123468K,  98% used [0x00000000f5aa0000, 0x00000000fd0e0c40, 0x00000000fd0e0e00, 0x00000000fd333000)
 Metaspace       used 39499K, capacity 40776K, committed 40960K, reserved 1085440K
  class space    used 4299K, capacity 4590K, committed 4608K, reserved 1048576K
Event: 282.463 GC heap after
Heap after GC invocations=166 (full 8):
 def new generation   total 55616K, used 6144K [0x00000000f0800000, 0x00000000f4450000, 0x00000000f5aa0000)
  eden space 49472K,   0% used [0x00000000f0800000, 0x00000000f0800000, 0x00000000f3850000)
  from space 6144K, 100% used [0x00000000f3850000, 0x00000000f3e50000, 0x00000000f3e50000)
  to   space 6144K,   0% used [0x00000000f3e50000, 0x00000000f3e50000, 0x00000000f4450000)
 tenured generation   total 123468K, used 121841K [0x00000000f5aa0000, 0x00000000fd333000, 0x0000000100000000)
   the space 123468K,  98% used [0x00000000f5aa0000, 0x00000000fd19c690, 0x00000000fd19c800, 0x00000000fd333000)
 Metaspace       used 39499K, capacity 40776K, committed 40960K, reserved 1085440K
  class space    used 4299K, capacity 4590K, committed 4608K, reserved 1048576K
}
Event: 282.963 GC heap before
{Heap before GC invocations=166 (full 8):
 def new generation   total 55616K, used 53883K [0x00000000f0800000, 0x00000000f4450000, 0x00000000f5aa0000)
  eden space 49472K,  96% used [0x00000000f0800000, 0x00000000f369ee00, 0x00000000f3850000)
  from space 6144K, 100% used [0x00000000f3850000, 0x00000000f3e50000, 0x00000000f3e50000)
  to   space 6144K,   0% used [0x00000000f3e50000, 0x00000000f3e50000, 0x00000000f4450000)
 tenured generation   total 123468K, used 121841K [0x00000000f5aa0000, 0x00000000fd333000, 0x0000000100000000)
   the space 123468K,  98% used [0x00000000f5aa0000, 0x00000000fd19c690, 0x00000000fd19c800, 0x00000000fd333000)
 Metaspace       used 39855K, capacity 41166K, committed 41344K, reserved 1085440K
  class space    used 4338K, capacity 4655K, committed 4736K, reserved 1048576K
Event: 282.968 GC heap after
Heap after GC invocations=167 (full 8):
 def new generation   total 55616K, used 1055K [0x00000000f0800000, 0x00000000f4450000, 0x00000000f5aa0000)
  eden space 49472K,   0% used [0x00000000f0800000, 0x00000000f0800000, 0x00000000f3850000)
  from space 6144K,  17% used [0x00000000f3e50000, 0x00000000f3f57d40, 0x00000000f4450000)
  to   space 6144K,   0% used [0x00000000f3850000, 0x00000000f3850000, 0x00000000f3e50000)
 tenured generation   total 123468K, used 123169K [0x00000000f5aa0000, 0x00000000fd333000, 0x0000000100000000)
   the space 123468K,  99% used [0x00000000f5aa0000, 0x00000000fd2e8620, 0x00000000fd2e8800, 0x00000000fd333000)
 Metaspace       used 39855K, capacity 41166K, committed 41344K, reserved 1085440K
  class space    used 4338K, capacity 4655K, committed 4736K, reserved 1048576K
}
Event: 283.023 GC heap before
{Heap before GC invocations=167 (full 8):
 def new generation   total 55616K, used 41097K [0x00000000f0800000, 0x00000000f4450000, 0x00000000f5aa0000)
  eden space 49472K,  80% used [0x00000000f0800000, 0x00000000f2f1aab0, 0x00000000f3850000)
  from space 6144K,  17% used [0x00000000f3e50000, 0x00000000f3f57d40, 0x00000000f4450000)
  to   space 6144K,   0% used [0x00000000f3850000, 0x00000000f3850000, 0x00000000f3e50000)
 tenured generation   total 123468K, used 123169K [0x00000000f5aa0000, 0x00000000fd333000, 0x0000000100000000)
   the space 123468K,  99% used [0x00000000f5aa0000, 0x00000000fd2e8620, 0x00000000fd2e8800, 0x00000000fd333000)
 Metaspace       used 39864K, capacity 41166K, committed 41344K, reserved 1085440K
  class space    used 4338K, capacity 4655K, committed 4736K, reserved 1048576K

Deoptimization events (10 events):
Event: 281.120 Thread 0x00007f290400b800 Uncommon trap: reason=unstable_if action=reinterpret pc=0x00007f28f579bfdc method=java.util.LinkedHashMap.afterNodeInsertion(Z)V @ 18
Event: 281.120 Thread 0x00007f290400b800 Uncommon trap: reason=bimorphic action=maybe_recompile pc=0x00007f28f6a029f8 method=java.util.HashMap.removeNode(ILjava/lang/Object;Ljava/lang/Object;ZZ)Ljava/util/HashMap$Node; @ 283
Event: 281.120 Thread 0x00007f290400b800 Uncommon trap: reason=bimorphic action=maybe_recompile pc=0x00007f28f6a029f8 method=java.util.HashMap.removeNode(ILjava/lang/Object;Ljava/lang/Object;ZZ)Ljava/util/HashMap$Node; @ 283
Event: 282.367 Thread 0x00007f290400b800 Uncommon trap: reason=class_check action=maybe_recompile pc=0x00007f28f6d2d7d0 method=java.io.FilterInputStream.read([BII)I @ 7
Event: 282.368 Thread 0x00007f290400b800 Uncommon trap: reason=class_check action=maybe_recompile pc=0x00007f28f6d2d7d0 method=java.io.FilterInputStream.read([BII)I @ 7
Event: 282.368 Thread 0x00007f290400b800 Uncommon trap: reason=class_check action=maybe_recompile pc=0x00007f28f6d2d7d0 method=java.io.FilterInputStream.read([BII)I @ 7
Event: 282.368 Thread 0x00007f290400b800 Uncommon trap: reason=class_check action=maybe_recompile pc=0x00007f28f6d2d7d0 method=java.io.FilterInputStream.read([BII)I @ 7
Event: 282.957 Thread 0x00007f290400b800 Uncommon trap: reason=class_check action=maybe_recompile pc=0x00007f28f5e144c8 method=java.io.FilterInputStream.read([B)I @ 5
Event: 282.958 Thread 0x00007f290400b800 Uncommon trap: reason=class_check action=maybe_recompile pc=0x00007f28f5e144c8 method=java.io.FilterInputStream.read([B)I @ 5
Event: 282.958 Thread 0x00007f290400b800 Uncommon trap: reason=unstable_if action=reinterpret pc=0x00007f28f6007bbc method=java.util.Vector$Itr.hasNext()Z @ 11

Classes redefined (0 events):
No events

Internal exceptions (10 events):
Event: 280.842 Thread 0x00007f290400b800 Implicit null exception at 0x00007f28f5ac2301 to 0x00007f28f5ac5698
Event: 280.842 Thread 0x00007f290400b800 Exception <a 'java/lang/NullPointerException'> (0x00000000f3509678) thrown at [/build/openjdk-8-piDAoU/openjdk-8-8u252-b09/src/hotspot/src/share/vm/runtime/sharedRuntime.cpp, line 605]
Event: 280.842 Thread 0x00007f290400b800 Implicit null exception at 0x00007f28f5ac2301 to 0x00007f28f5ac5698
Event: 280.842 Thread 0x00007f290400b800 Exception <a 'java/lang/NullPointerException'> (0x00000000f3509a78) thrown at [/build/openjdk-8-piDAoU/openjdk-8-8u252-b09/src/hotspot/src/share/vm/runtime/sharedRuntime.cpp, line 605]
Event: 280.842 Thread 0x00007f290400b800 Implicit null exception at 0x00007f28f5ac2301 to 0x00007f28f5ac5698
Event: 280.842 Thread 0x00007f290400b800 Exception <a 'java/lang/NullPointerException'> (0x00000000f3509e78) thrown at [/build/openjdk-8-piDAoU/openjdk-8-8u252-b09/src/hotspot/src/share/vm/runtime/sharedRuntime.cpp, line 605]
Event: 281.501 Thread 0x00007f290400b800 Exception <a 'java/io/FileNotFoundException'> (0x00000000f0f98e48) thrown at [/build/openjdk-8-piDAoU/openjdk-8-8u252-b09/src/hotspot/src/share/vm/prims/jni.cpp, line 710]
Event: 281.501 Thread 0x00007f290400b800 Exception <a 'java/io/FileNotFoundException'> (0x00000000f0f9a1c8) thrown at [/build/openjdk-8-piDAoU/openjdk-8-8u252-b09/src/hotspot/src/share/vm/prims/jni.cpp, line 710]
Event: 281.501 Thread 0x00007f290400b800 Exception <a 'java/io/FileNotFoundException'> (0x00000000f0f9adb8) thrown at [/build/openjdk-8-piDAoU/openjdk-8-8u252-b09/src/hotspot/src/share/vm/prims/jni.cpp, line 710]
Event: 282.946 Thread 0x00007f290400b800 Exception <a 'java/lang/NoSuchMethodError': org.apache.maven.execution.MavenExecutionRequest.getFailureBehavior()Ljava/lang/String;> (0x00000000f34cbff8) thrown at [/build/openjdk-8-piDAoU/openjdk-8-8u252-b09/src/hotspot/src/share/vm/interpreter/linkResol

Events (10 events):
Event: 282.958 Thread 0x00007f290400b800 Uncommon trap: trap_request=0xffffffde fr.pc=0x00007f28f5e144c8
Event: 282.958 Thread 0x00007f290400b800 DEOPT PACKING pc=0x00007f28f5e144c8 sp=0x00007f290df70220
Event: 282.958 Thread 0x00007f290400b800 DEOPT UNPACKING pc=0x00007f28f504547a sp=0x00007f290df701c0 mode 2
Event: 282.958 Thread 0x00007f290400b800 Uncommon trap: trap_request=0xffffff65 fr.pc=0x00007f28f6007bbc
Event: 282.958 Thread 0x00007f290400b800 DEOPT PACKING pc=0x00007f28f6007bbc sp=0x00007f290df70260
Event: 282.958 Thread 0x00007f290400b800 DEOPT UNPACKING pc=0x00007f28f504547a sp=0x00007f290df70220 mode 2
Event: 282.962 Executing VM operation: GenCollectForAllocation
Event: 282.968 Executing VM operation: GenCollectForAllocation done
Event: 283.006 Thread 0x00007f2904fee000 Thread added: 0x00007f2904fee000
Event: 283.021 Executing VM operation: GenCollectForAllocation


Dynamic libraries:
f0800000-f4450000 rw-p 00000000 00:00 0 
f4450000-f5aa0000 ---p 00000000 00:00 0 
f5aa0000-fefd1000 rw-p 00000000 00:00 0 
ff95b000-100000000 ---p 00000000 00:00 0 
100000000-1004a0000 rw-p 00000000 00:00 0 
1004a0000-140000000 ---p 00000000 00:00 0 
560782875000-560782876000 r-xp 00000000 fc:01 532007                     /usr/lib/jvm/java-8-openjdk-amd64/jre/bin/java
560782a75000-560782a76000 r--p 00000000 fc:01 532007                     /usr/lib/jvm/java-8-openjdk-amd64/jre/bin/java
560782a76000-560782a77000 rw-p 00001000 fc:01 532007                     /usr/lib/jvm/java-8-openjdk-amd64/jre/bin/java
56078421b000-56078423c000 rw-p 00000000 00:00 0                          [heap]
7f28d6d78000-7f28d6d7b000 ---p 00000000 00:00 0 
7f28d6d7b000-7f28d7079000 rw-p 00000000 00:00 0 
7f28d70d0000-7f28d70d3000 r--s 00006000 fc:01 1043356                    /root/.m2/repository/com/google/code/findbugs/jsr305/1.3.9/jsr305-1.3.9.jar
7f28d70d3000-7f28d70f4000 r--s 00172000 fc:01 1043355                    /root/.m2/repository/com/google/guava/guava/11.0.2/guava-11.0.2.jar
7f28d70f4000-7f28d70f5000 r--s 0000a000 fc:01 1043349                    /root/.m2/repository/org/ow2/asm/asm-util/5.0.4/asm-util-5.0.4.jar
7f28d70f5000-7f28d70f6000 r--s 00004000 fc:01 1043348                    /root/.m2/repository/org/ow2/asm/asm-analysis/5.0.4/asm-analysis-5.0.4.jar
7f28d70f6000-7f28d70f8000 r--s 00004000 fc:01 1043347                    /root/.m2/repository/org/vafer/jdependency/1.1/jdependency-1.1.jar
7f28d70f8000-7f28d70fc000 r--s 00027000 fc:01 1043324                    /root/.m2/repository/commons-io/commons-io/2.2/commons-io-2.2.jar
7f28d70fc000-7f28d7100000 r--s 0001d000 fc:01 1043345                    /root/.m2/repository/org/eclipse/aether/aether-util/0.9.0.M2/aether-util-0.9.0.M2.jar
7f28d7100000-7f28d7103000 r--s 0000d000 fc:01 1043339                    /root/.m2/repository/org/apache/maven/shared/maven-dependency-tree/2.2/maven-dependency-tree-2.2.jar
7f28d7103000-7f28d7106000 r--s 00023000 fc:01 1043338                    /root/.m2/repository/org/jdom/jdom/1.1/jdom-1.1.jar
7f28d7106000-7f28d7108000 r--s 00006000 fc:01 1043337                    /root/.m2/repository/org/ow2/asm/asm-tree/5.0.2/asm-tree-5.0.2.jar
7f28d7108000-7f28d710a000 r--s 00009000 fc:01 1043336                    /root/.m2/repository/org/ow2/asm/asm-commons/5.0.2/asm-commons-5.0.2.jar
7f28d710a000-7f28d710b000 r--s 0000c000 fc:01 1043335                    /root/.m2/repository/org/ow2/asm/asm/5.0.2/asm-5.0.2.jar
7f28d710b000-7f28d710f000 r--s 00038000 fc:01 1043329                    /root/.m2/repository/org/codehaus/plexus/plexus-utils/3.0.22/plexus-utils-3.0.22.jar
7f28d710f000-7f28d7113000 r--s 0000f000 fc:01 1043327                    /root/.m2/repository/org/codehaus/plexus/plexus-io/3.0.1/plexus-io-3.0.1.jar
7f28d7113000-7f28d7118000 r--s 0002a000 fc:01 1043326                    /root/.m2/repository/org/codehaus/plexus/plexus-archiver/3.6.0/plexus-archiver-3.6.0.jar
7f28d7118000-7f28d711b000 r--s 0000d000 fc:01 1043325                    /root/.m2/repository/org/apache/maven/shared/maven-common-artifact-filters/3.0.1/maven-common-artifact-filters-3.0.1.jar
7f28d711b000-7f28d711f000 r--s 00025000 fc:01 1043315                    /root/.m2/repository/org/apache/maven/shared/maven-shared-utils/3.2.0/maven-shared-utils-3.2.0.jar
7f28d711f000-7f28d7120000 r--s 00005000 fc:01 1043317                    /root/.m2/repository/org/apache/maven/maven-archiver/3.2.0/maven-archiver-3.2.0.jar
7f28d7120000-7f28d7121000 r--s 00005000 fc:01 1039032                    /root/.m2/repository/org/springframework/spring-jcl/5.1.7.RELEASE/spring-jcl-5.1.7.RELEASE.jar
7f28d7121000-7f28d713a000 r--s 00123000 fc:01 1039031                    /root/.m2/repository/org/springframework/spring-core/5.1.7.RELEASE/spring-core-5.1.7.RELEASE.jar
7f28d713a000-7f28d713d000 r--s 00022000 fc:01 1043313                    /root/.m2/repository/org/springframework/boot/spring-boot-loader-tools/2.1.5.RELEASE/spring-boot-loader-tools-2.1.5.RELEASE.jar
7f28d713d000-7f28d713f000 r--s 0000f000 fc:01 532909                     /root/.m2/repository/org/springframework/boot/spring-boot-maven-plugin/2.1.5.RELEASE/spring-boot-maven-plugin-2.1.5.RELEASE.jar
7f28d713f000-7f28d7142000 r--s 00017000 fc:01 1039812                    /root/.m2/repository/org/apache/maven/plugins/maven-shade-plugin/2.4.3/maven-shade-plugin-2.4.3.jar
7f28d7142000-7f28d7302000 rw-p 00000000 00:00 0 
7f28d7302000-7f28d7342000 ---p 00000000 00:00 0 
7f28d7342000-7f28d7346000 r--s 00019000 fc:01 1042886                    /root/.m2/repository/org/junit/jupiter/junit-jupiter-api/5.3.2/junit-jupiter-api-5.3.2.jar
7f28d7346000-7f28d7347000 r--s 00001000 fc:01 1042885                    /root/.m2/repository/org/opentest4j/opentest4j/1.1.1/opentest4j-1.1.1.jar
7f28d7347000-7f28d7349000 r--s 00011000 fc:01 1042884                    /root/.m2/repository/org/junit/platform/junit-platform-commons/1.3.2/junit-platform-commons-1.3.2.jar
7f28d7349000-7f28d734d000 r--s 0001e000 fc:01 1042882                    /root/.m2/repository/org/junit/platform/junit-platform-engine/1.3.2/junit-platform-engine-1.3.2.jar
7f28d734d000-7f28d7351000 r--s 00021000 fc:01 1042876                    /root/.m2/repository/org/junit/jupiter/junit-jupiter-engine/5.3.2/junit-jupiter-engine-5.3.2.jar
7f28d7351000-7f28d7353000 r--s 0000b000 fc:01 1043003                    /root/.m2/repository/org/apache/maven/surefire/common-java5/2.22.0/common-java5-2.22.0.jar
7f28d7353000-7f28d7356000 r--s 00015000 fc:01 1043001                    /root/.m2/repository/org/junit/platform/junit-platform-launcher/1.3.2/junit-platform-launcher-1.3.2.jar
7f28d7356000-7f28d7357000 r--s 00000000 fc:01 1042877                    /root/.m2/repository/org/apiguardian/apiguardian-api/1.0.0/apiguardian-api-1.0.0.jar
7f28d7357000-7f28d7358000 r--s 00004000 fc:01 1042999                    /root/.m2/repository/org/junit/platform/junit-platform-surefire-provider/1.3.2/junit-platform-surefire-provider-1.3.2.jar
7f28d7358000-7f28d735c000 r--s 0003d000 fc:01 1039802                    /root/.m2/repository/org/codehaus/plexus/plexus-utils/3.2.0/plexus-utils-3.2.0.jar
7f28d735c000-7f28d7360000 r--s 00017000 fc:01 1039796                    /root/.m2/repository/org/tukaani/xz/1.8/xz-1.8.jar
7f28d7360000-7f28d7362000 r--s 0000d000 fc:01 1039795                    /root/.m2/repository/org/iq80/snappy/snappy/0.4/snappy-0.4.jar
7f28d7362000-7f28d736d000 r--s 00086000 fc:01 1039794                    /root/.m2/repository/org/apache/commons/commons-compress/1.18/commons-compress-1.18.jar
7f28d736d000-7f28d7370000 r--s 00010000 fc:01 1039792                    /root/.m2/repository/org/codehaus/plexus/plexus-io/3.1.1/plexus-io-3.1.1.jar
7f28d7370000-7f28d7375000 r--s 0002a000 fc:01 1039783                    /root/.m2/repository/org/codehaus/plexus/plexus-archiver/4.1.0/plexus-archiver-4.1.0.jar
7f28d7375000-7f28d7376000 r--s 00005000 fc:01 1039786                    /root/.m2/repository/org/apache/maven/maven-archiver/3.4.0/maven-archiver-3.4.0.jar
7f28d7376000-7f28d7379000 r--s 00008000 fc:01 1039784                    /root/.m2/repository/org/apache/maven/shared/maven-shared-io/3.0.0/maven-shared-io-3.0.0.jar
7f28d7379000-7f28d737b000 r--s 00007000 fc:01 1039778                    /root/.m2/repository/org/apache/maven/shared/file-management/3.0.0/file-management-3.0.0.jar
7f28d737b000-7f28d737c000 r--s 00006000 fc:01 1038061                    /root/.m2/repository/org/apache/maven/plugins/maven-jar-plugin/3.1.2/maven-jar-plugin-3.1.2.jar
7f28d737c000-7f28d757c000 rw-p 00000000 00:00 0 
7f28d757c000-7f28d7582000 r--s 00047000 fc:01 1039679                    /root/.m2/repository/com/thoughtworks/qdox/qdox/2.0-M7/qdox-2.0-M7.jar
7f28d7582000-7f28d7584000 r--s 00006000 fc:01 1039664                    /root/.m2/repository/org/codehaus/plexus/plexus-java/0.9.3/plexus-java-0.9.3.jar
7f28d7584000-7f28d7784000 rw-p 00000000 00:00 0 
7f28d7784000-7f28d7984000 rw-p 00000000 00:00 0 
7f28d7984000-7f28d7b84000 rw-p 00000000 00:00 0 
7f28d7b84000-7f28d7bfe000 r--s 01103000 fc:01 532257                     /usr/lib/jvm/java-8-openjdk-amd64/lib/tools.jar
7f28d7bfe000-7f28d7dfe000 rw-p 00000000 00:00 0 
7f28d7dfe000-7f28d7e01000 ---p 00000000 00:00 0 
7f28d7e01000-7f28d7eff000 rw-p 00000000 00:00 0 
7f28d7eff000-7f28d7f02000 ---p 00000000 00:00 0 
7f28d7f02000-7f28d8000000 rw-p 00000000 00:00 0 
7f28d8000000-7f28d8d16000 rw-p 00000000 00:00 0 
7f28d8d16000-7f28dc000000 ---p 00000000 00:00 0 
7f28dc000000-7f28dc044000 rw-p 00000000 00:00 0 
7f28dc044000-7f28e0000000 ---p 00000000 00:00 0 
7f28e0000000-7f28e0021000 rw-p 00000000 00:00 0 
7f28e0021000-7f28e4000000 ---p 00000000 00:00 0 
7f28e4000000-7f28e62b1000 rw-p 00000000 00:00 0 
7f28e62b1000-7f28e8000000 ---p 00000000 00:00 0 
7f28e8000000-7f28e8021000 rw-p 00000000 00:00 0 
7f28e8021000-7f28ec000000 ---p 00000000 00:00 0 
7f28ec000000-7f28ec021000 rw-p 00000000 00:00 0 
7f28ec021000-7f28f0000000 ---p 00000000 00:00 0 
7f28f0000000-7f28f019c000 rw-p 00000000 00:00 0 
7f28f019c000-7f28f4000000 ---p 00000000 00:00 0 
7f28f4000000-7f28f4001000 r--s 0000d000 fc:01 1039678                    /root/.m2/repository/org/ow2/asm/asm/6.0_BETA/asm-6.0_BETA.jar
7f28f4001000-7f28f4002000 r--s 00002000 fc:01 1039671                    /root/.m2/repository/org/apache/maven/reporting/maven-reporting-api/3.0/maven-reporting-api-3.0.jar
7f28f4002000-7f28f4004000 r--s 00003000 fc:01 1039665                    /root/.m2/repository/org/slf4j/jcl-over-slf4j/1.5.6/jcl-over-slf4j-1.5.6.jar
7f28f4004000-7f28f4006000 r--s 00001000 fc:01 1039662                    /root/.m2/repository/org/slf4j/slf4j-jdk14/1.5.6/slf4j-jdk14-1.5.6.jar
7f28f4006000-7f28f4008000 r--s 00009000 fc:01 1039644                    /root/.m2/repository/org/hamcrest/hamcrest-core/1.3/hamcrest-core-1.3.jar
7f28f4008000-7f28f4010000 r--s 00045000 fc:01 532848                     /root/.m2/repository/junit/junit/4.12/junit-4.12.jar
7f28f4010000-7f28f4014000 r--s 00034000 fc:01 1039646                    /root/.m2/repository/org/codehaus/plexus/plexus-utils/1.5.15/plexus-utils-1.5.15.jar
7f28f4014000-7f28f4019000 r--s 0003e000 fc:01 1039649                    /root/.m2/repository/org/apache/maven/surefire/surefire-booter/2.21.0/surefire-booter-2.21.0.jar
7f28f4019000-7f28f401b000 r--s 00002000 fc:01 1039647                    /root/.m2/repository/org/apache/maven/surefire/surefire-logger-api/2.21.0/surefire-logger-api-2.21.0.jar
7f28f401b000-7f28f4020000 r--s 00029000 fc:01 1039645                    /root/.m2/repository/org/apache/maven/surefire/surefire-api/2.21.0/surefire-api-2.21.0.jar
7f28f4020000-7f28f4021000 r--s 00003000 fc:01 1039643                    /root/.m2/repository/org/apache/maven/plugin-tools/maven-plugin-annotations/3.5/maven-plugin-annotations-3.5.jar
7f28f4021000-7f28f402a000 r--s 00077000 fc:01 1039641                    /root/.m2/repository/org/apache/maven/surefire/maven-surefire-common/2.21.0/maven-surefire-common-2.21.0.jar
7f28f402a000-7f28f402b000 r--s 00009000 fc:01 1038042                    /root/.m2/repository/org/apache/maven/plugins/maven-surefire-plugin/2.21.0/maven-surefire-plugin-2.21.0.jar
7f28f402b000-7f28f4042000 r--s 00188000 fc:01 1038973                    /root/.m2/repository/org/projectlombok/lombok/1.18.4/lombok-1.18.4.jar
7f28f4042000-7f28f4043000 r--s 00004000 fc:01 1039543                    /root/.m2/repository/org/codehaus/plexus/plexus-compiler-javac/2.7/plexus-compiler-javac-2.7.jar
7f28f4043000-7f28f4045000 r--s 00000000 fc:01 1039542                    /root/.m2/repository/org/codehaus/plexus/plexus-compiler-manager/2.7/plexus-compiler-manager-2.7.jar
7f28f4045000-7f28f4047000 r--s 00005000 fc:01 1039531                    /root/.m2/repository/org/codehaus/plexus/plexus-compiler-api/2.7/plexus-compiler-api-2.7.jar
7f28f4047000-7f28f4049000 r--s 00002000 fc:01 1039536                    /root/.m2/repository/org/apache/maven/shared/maven-shared-incremental/1.1/maven-shared-incremental-1.1.jar
7f28f4049000-7f28f404d000 r--s 0002a000 fc:01 532832                     /root/.m2/repository/commons-io/commons-io/2.4/commons-io-2.4.jar
7f28f404d000-7f28f404f000 r--s 00000000 fc:01 1039532                    /root/.m2/repository/org/codehaus/plexus/plexus-component-annotations/1.5.5/plexus-component-annotations-1.5.5.jar
7f28f404f000-7f28f4051000 r--s 0000d000 fc:01 1039530                    /root/.m2/repository/org/codehaus/plexus/plexus-interpolation/1.14/plexus-interpolation-1.14.jar
7f28f4051000-7f28f4053000 r--s 0000b000 fc:01 1038029                    /root/.m2/repository/org/apache/maven/plugins/maven-compiler-plugin/3.5.1/maven-compiler-plugin-3.5.1.jar
7f28f4053000-7f28f4056000 r--s 00011000 fc:01 1039355                    /root/.m2/repository/org/codehaus/plexus/plexus-interpolation/1.24/plexus-interpolation-1.24.jar
7f28f4056000-7f28f4058000 r--s 00001000 fc:01 1039354                    /root/.m2/repository/org/sonatype/plexus/plexus-build-api/0.0.7/plexus-build-api-0.0.7.jar
7f28f4058000-7f28f405b000 r--s 00023000 fc:01 1039353                    /root/.m2/repository/org/apache/maven/shared/maven-shared-utils/3.0.0/maven-shared-utils-3.0.0.jar
7f28f405b000-7f28f405d000 r--s 0000b000 fc:01 1039347                    /root/.m2/repository/org/apache/maven/shared/maven-filtering/3.1.1/maven-filtering-3.1.1.jar
7f28f405d000-7f28f4061000 r--s 0003c000 fc:01 1039346                    /root/.m2/repository/org/codehaus/plexus/plexus-utils/3.1.0/plexus-utils-3.1.0.jar
7f28f4061000-7f28f4063000 r--s 00002000 fc:01 1039345                    /root/.m2/repository/org/sonatype/plexus/plexus-cipher/1.4/plexus-cipher-1.4.jar
7f28f4063000-7f28f4064000 r--s 00006000 fc:01 1039344                    /root/.m2/repository/org/sonatype/plexus/plexus-sec-dispatcher/1.3/plexus-sec-dispatcher-1.3.jar
7f28f4064000-7f28f4068000 r--s 00017000 fc:01 1039341                    /root/.m2/repository/org/sonatype/aether/aether-util/1.7/aether-util-1.7.jar
7f28f4068000-7f28f4069000 r--s 00007000 fc:01 1038010                    /root/.m2/repository/org/apache/maven/plugins/maven-resources-plugin/3.1.0/maven-resources-plugin-3.1.0.jar
7f28f4069000-7f28f406d000 r--s 00037000 fc:01 1037994                    /root/.m2/repository/org/codehaus/plexus/plexus-utils/3.0.15/plexus-utils-3.0.15.jar
7f28f406d000-7f28f406f000 r--s 00006000 fc:01 1037993                    /root/.m2/repository/com/google/code/findbugs/jsr305/2.0.1/jsr305-2.0.1.jar
7f28f406f000-7f28f4072000 r--s 00023000 fc:01 1037992                    /root/.m2/repository/org/apache/maven/shared/maven-shared-utils/0.4/maven-shared-utils-0.4.jar
7f28f4072000-7f28f4078000 r--s 00033000 fc:01 791032                     /root/.m2/repository/commons-codec/commons-codec/1.6/commons-codec-1.6.jar
7f28f4078000-7f28f4080000 r--s 00049000 fc:01 532741                     /root/.m2/repository/backport-util-concurrent/backport-util-concurrent/3.1/backport-util-concurrent-3.1.jar
7f28f4080000-7f28f4083000 r--s 0001b000 fc:01 532738                     /root/.m2/repository/junit/junit/3.8.1/junit-3.8.1.jar
7f28f4083000-7f28f4085000 r--s 0000b000 fc:01 1037982                    /root/.m2/repository/org/codehaus/plexus/plexus-interpolation/1.11/plexus-interpolation-1.11.jar
7f28f4085000-7f28f4089000 r--s 0002f000 fc:01 532345                     /root/.m2/repository/commons-io/commons-io/2.5/commons-io-2.5.jar
7f28f4089000-7f28f408c000 r--s 00026000 fc:01 1037833                    /root/.m2/repository/org/apache/maven/shared/maven-shared-utils/3.2.1/maven-shared-utils-3.2.1.jar
7f28f408c000-7f28f4097000 r--s 00069000 fc:01 1037830                    /root/.m2/repository/org/sonatype/sisu/sisu-guice/2.1.7/sisu-guice-2.1.7-noaop.jar
7f28f4097000-7f28f409c000 r--s 00021000 fc:01 1037828                    /root/.m2/repository/org/sonatype/sisu/sisu-inject-bean/1.4.2/sisu-inject-bean-1.4.2.jar
7f28f409c000-7f28f409f000 ---p 00000000 00:00 0 
7f28f409f000-7f28f419d000 rw-p 00000000 00:00 0 
7f28f419d000-7f28f41a0000 ---p 00000000 00:00 0 
7f28f41a0000-7f28f429e000 rw-p 00000000 00:00 0 
7f28f429e000-7f28f42a1000 ---p 00000000 00:00 0 
7f28f42a1000-7f28f459f000 rw-p 00000000 00:00 0 
7f28f459f000-7f28f479f000 rw-p 00000000 00:00 0 
7f28f479f000-7f28f47b2000 r--s 00346000 fc:01 532095                     /usr/lib/jvm/java-8-openjdk-amd64/jre/lib/resources.jar
7f28f47b2000-7f28f47c9000 r-xp 00000000 fc:01 2179                       /lib/x86_64-linux-gnu/libresolv-2.27.so
7f28f47c9000-7f28f49c9000 ---p 00017000 fc:01 2179                       /lib/x86_64-linux-gnu/libresolv-2.27.so
7f28f49c9000-7f28f49ca000 r--p 00017000 fc:01 2179                       /lib/x86_64-linux-gnu/libresolv-2.27.so
7f28f49ca000-7f28f49cb000 rw-p 00018000 fc:01 2179                       /lib/x86_64-linux-gnu/libresolv-2.27.so
7f28f49cb000-7f28f49cd000 rw-p 00000000 00:00 0 
7f28f49cd000-7f28f49d2000 r-xp 00000000 fc:01 2092                       /lib/x86_64-linux-gnu/libnss_dns-2.27.so
7f28f49d2000-7f28f4bd2000 ---p 00005000 fc:01 2092                       /lib/x86_64-linux-gnu/libnss_dns-2.27.so
7f28f4bd2000-7f28f4bd3000 r--p 00005000 fc:01 2092                       /lib/x86_64-linux-gnu/libnss_dns-2.27.so
7f28f4bd3000-7f28f4bd4000 rw-p 00006000 fc:01 2092                       /lib/x86_64-linux-gnu/libnss_dns-2.27.so
7f28f4bd4000-7f28f4dd4000 rw-p 00000000 00:00 0 
7f28f4dd4000-7f28f4dfc000 r-xp 00000000 fc:01 532050                     /usr/lib/jvm/java-8-openjdk-amd64/jre/lib/amd64/libsunec.so
7f28f4dfc000-7f28f4ffb000 ---p 00028000 fc:01 532050                     /usr/lib/jvm/java-8-openjdk-amd64/jre/lib/amd64/libsunec.so
7f28f4ffb000-7f28f4fff000 r--p 00027000 fc:01 532050                     /usr/lib/jvm/java-8-openjdk-amd64/jre/lib/amd64/libsunec.so
7f28f4fff000-7f28f5000000 rw-p 0002b000 fc:01 532050                     /usr/lib/jvm/java-8-openjdk-amd64/jre/lib/amd64/libsunec.so
7f28f5000000-7f28f6e10000 rwxp 00000000 00:00 0 
7f28f6e10000-7f2904000000 ---p 00000000 00:00 0 
7f2904000000-7f29055cf000 rw-p 00000000 00:00 0 
7f29055cf000-7f2908000000 ---p 00000000 00:00 0 
7f2908000000-7f2908002000 r--s 00007000 fc:01 1037684                    /root/.m2/repository/org/apache/maven/plugins/maven-install-plugin/2.5.2/maven-install-plugin-2.5.2.jar
7f2908002000-7f2908004000 r--s 00000000 fc:01 1037823                    /root/.m2/repository/org/codehaus/plexus/plexus-component-annotations/1.7.1/plexus-component-annotations-1.7.1.jar
7f2908004000-7f2908008000 r--s 00033000 fc:01 1037817                    /root/.m2/repository/org/codehaus/plexus/plexus-utils/2.0.4/plexus-utils-2.0.4.jar
7f2908008000-7f290800a000 r--s 00006000 fc:01 1037665                    /root/.m2/repository/org/apache/maven/plugins/maven-clean-plugin/3.1.0/maven-clean-plugin-3.1.0.jar
7f290800a000-7f290820a000 rw-p 00000000 00:00 0 
7f290820a000-7f290820c000 r--s 00016000 fc:01 532088                     /usr/lib/jvm/java-8-openjdk-amd64/jre/lib/jce.jar
7f290820c000-7f2908211000 r--s 000a7000 fc:01 532090                     /usr/lib/jvm/java-8-openjdk-amd64/jre/lib/jsse.jar
7f2908211000-7f2908411000 rw-p 00000000 00:00 0 
7f2908411000-7f2908611000 rw-p 00000000 00:00 0 
7f2908611000-7f2908811000 rw-p 00000000 00:00 0 
7f2908811000-7f290881e000 r--s 0008b000 fc:01 68648                      /usr/share/java/maven3-core.jar
7f290881e000-7f2908820000 r--s 00006000 fc:01 68545                      /usr/share/java/maven-resolver-spi.jar
7f2908820000-7f2908821000 r--s 00003000 fc:01 68578                      /usr/share/java/plexus-cipher.jar
7f2908821000-7f2908829000 r--s 00072000 fc:01 68280                      /usr/share/java/commons-lang3.jar
7f2908829000-7f290882b000 r--s 00009000 fc:01 68612                      /usr/share/java/slf4j-api.jar
7f290882b000-7f290882d000 r--s 00001000 fc:01 68415                      /usr/share/java/aopalliance-1.0.jar
7f290882d000-7f2908833000 r--s 0002d000 fc:01 68639                      /usr/share/java/sisu-plexus.jar
7f2908833000-7f290883a000 r--s 00054000 fc:01 68633                      /usr/share/java/sisu-inject.jar
7f290883a000-7f290883d000 r--s 00007000 fc:01 68655                      /usr/share/java/maven3-settings-builder.jar
7f290883d000-7f2908841000 r--s 0003b000 fc:01 68515                      /usr/share/java/plexus-utils2.jar
7f2908841000-7f2908842000 r--s 00000000 fc:01 62732                      /usr/share/java/atinject-jsr330-api-1.0.jar
7f2908842000-7f2908845000 r--s 00024000 fc:01 68572                      /usr/share/java/maven-shared-utils.jar
7f2908845000-7f2908847000 r--s 00005000 fc:01 68553                      /usr/share/java/maven-resolver-transport-wagon.jar
7f2908847000-7f290884a000 r--s 0000a000 fc:01 68645                      /usr/share/java/maven3-artifact.jar
7f290884a000-7f290884d000 r--s 00027000 fc:01 68651                      /usr/share/java/maven3-model.jar
7f290884d000-7f290884e000 r--s 00001000 fc:01 63341                      /usr/share/java/geronimo-interceptor-3.0-spec.jar
7f290884e000-7f290884f000 r--s 00000000 fc:01 62732                      /usr/share/java/atinject-jsr330-api-1.0.jar
7f290884f000-7f2908852000 r--s 0000e000 fc:01 68236                      /usr/share/java/cdi-api.jar
7f2908852000-7f2908854000 r--s 0000b000 fc:01 68527                      /usr/share/java/wagon-provider-api.jar
7f2908854000-7f2908856000 r--s 00007000 fc:01 68495                      /usr/share/java/jansi.jar
7f2908856000-7f2908859000 r--s 00011000 fc:01 68597                      /usr/share/java/plexus-interpolation.jar
7f2908859000-7f290885a000 r--s 0000a000 fc:01 68656                      /usr/share/java/maven3-settings.jar
7f290885a000-7f290885e000 r--s 0001f000 fc:01 68539                      /usr/share/java/maven-resolver-api.jar
7f290885e000-7f290885f000 r--s 00002000 fc:01 68292                      /usr/share/java/geronimo-annotation-1.3-spec.jar
7f290885f000-7f2908861000 r--s 0000a000 fc:01 68652                      /usr/share/java/maven3-plugin-api.jar
7f2908861000-7f2908864000 r--s 00015000 fc:01 68649                      /usr/share/java/maven3-embedder.jar
7f2908864000-7f290886b000 r--s 00041000 fc:01 68647                      /usr/share/java/maven3-compat.jar
7f290886b000-7f290886c000 r--s 00004000 fc:01 68657                      /usr/share/java/maven3-slf4j-provider.jar
7f290886c000-7f290886e000 r--s 0000a000 fc:01 68248                      /usr/share/java/commons-cli.jar
7f290886e000-7f2908873000 r--s 00021000 fc:01 68555                      /usr/share/java/maven-resolver-util.jar
7f2908873000-7f2908875000 r--s 00003000 fc:01 68609                      /usr/share/java/jcl-over-slf4j.jar
7f2908875000-7f29088a2000 r--s 001ce000 fc:01 68694                      /usr/share/java/wagon-http-shaded-3.0.0.jar
7f29088a2000-7f29088ce000 r--s 00208000 fc:01 68318                      /usr/share/java/guava.jar
7f29088ce000-7f29088dc000 r--s 0009a000 fc:01 68443                      /usr/share/java/guice.jar
7f29088dc000-7f29088e1000 r--s 00025000 fc:01 68650                      /usr/share/java/maven3-model-builder.jar
7f29088e1000-7f29088e3000 r--s 00001000 fc:01 68646                      /usr/share/java/maven3-builder-support.jar
7f29088e3000-7f29088e5000 r--s 00008000 fc:01 68541                      /usr/share/java/maven-resolver-connector-basic.jar
7f29088e5000-7f29088ea000 r--s 00030000 fc:01 68268                      /usr/share/java/commons-io.jar
7f29088ea000-7f29088ec000 r--s 0000d000 fc:01 68654                      /usr/share/java/maven3-resolver-provider.jar
7f29088ec000-7f29088ed000 r--s 00001000 fc:01 68688                      /usr/share/java/wagon-file.jar
7f29088ed000-7f29088ef000 r--s 00000000 fc:01 68590                      /usr/share/java/plexus-component-annotations.jar
7f29088ef000-7f29088f0000 r--s 00006000 fc:01 68653                      /usr/share/java/maven3-repository-metadata.jar
7f29088f0000-7f29088f4000 r--s 00027000 fc:01 68543                      /usr/share/java/maven-resolver-impl.jar
7f29088f4000-7f29088f6000 r--s 00006000 fc:01 68603                      /usr/share/java/plexus-sec-dispatcher.jar
7f29088f6000-7f2908927000 rw-p 00000000 00:00 0 
7f2908927000-7f290893e000 r-xp 00000000 fc:01 532045                     /usr/lib/jvm/java-8-openjdk-amd64/jre/lib/amd64/libnet.so
7f290893e000-7f2908b3d000 ---p 00017000 fc:01 532045                     /usr/lib/jvm/java-8-openjdk-amd64/jre/lib/amd64/libnet.so
7f2908b3d000-7f2908b3e000 r--p 00016000 fc:01 532045                     /usr/lib/jvm/java-8-openjdk-amd64/jre/lib/amd64/libnet.so
7f2908b3e000-7f2908b3f000 rw-p 00017000 fc:01 532045                     /usr/lib/jvm/java-8-openjdk-amd64/jre/lib/amd64/libnet.so
7f2908b3f000-7f2908b51000 r-xp 00000000 fc:01 532046                     /usr/lib/jvm/java-8-openjdk-amd64/jre/lib/amd64/libnio.so
7f2908b51000-7f2908d50000 ---p 00012000 fc:01 532046                     /usr/lib/jvm/java-8-openjdk-amd64/jre/lib/amd64/libnio.so
7f2908d50000-7f2908d51000 r--p 00011000 fc:01 532046                     /usr/lib/jvm/java-8-openjdk-amd64/jre/lib/amd64/libnio.so
7f2908d51000-7f2908d52000 rw-p 00012000 fc:01 532046                     /usr/lib/jvm/java-8-openjdk-amd64/jre/lib/amd64/libnio.so
7f2908d52000-7f2908d54000 r--s 0000b000 fc:01 68584                      /usr/share/java/plexus-classworlds.jar
7f2908d54000-7f2908d6f000 r--s 001d6000 fc:01 532072                     /usr/lib/jvm/java-8-openjdk-amd64/jre/lib/ext/nashorn.jar
7f2908d6f000-7f2908d73000 r--s 0003a000 fc:01 532075                     /usr/lib/jvm/java-8-openjdk-amd64/jre/lib/ext/sunpkcs11.jar
7f2908d73000-7f2908d79000 r--s 0003d000 fc:01 532074                     /usr/lib/jvm/java-8-openjdk-amd64/jre/lib/ext/sunjce_provider.jar
7f2908d79000-7f2908d7a000 r--s 00010000 fc:01 532076                     /usr/lib/jvm/java-8-openjdk-amd64/jre/lib/ext/zipfs.jar
7f2908d7a000-7f2908d7b000 r--s 0000a000 fc:01 532070                     /usr/lib/jvm/java-8-openjdk-amd64/jre/lib/ext/jaccess.jar
7f2908d7b000-7f2908d96000 r--s 00394000 fc:01 532067                     /usr/lib/jvm/java-8-openjdk-amd64/jre/lib/ext/cldrdata.jar
7f2908d96000-7f2908d97000 ---p 00000000 00:00 0 
7f2908d97000-7f2908e97000 rw-p 00000000 00:00 0 
7f2908e97000-7f2908e9a000 ---p 00000000 00:00 0 
7f2908e9a000-7f2908f98000 rw-p 00000000 00:00 0 
7f2908f98000-7f2908f99000 ---p 00000000 00:00 0 
7f2908f99000-7f2908f9c000 ---p 00000000 00:00 0 
7f2908f9c000-7f2909099000 rw-p 00000000 00:00 0 
7f2909099000-7f290909a000 ---p 00000000 00:00 0 
7f290909a000-7f290909d000 ---p 00000000 00:00 0 
7f290909d000-7f290919a000 rw-p 00000000 00:00 0 
7f290919a000-7f290919d000 ---p 00000000 00:00 0 
7f290919d000-7f290929b000 rw-p 00000000 00:00 0 
7f290929b000-7f29092cc000 r--p 00000000 fc:01 7802                       /usr/lib/locale/C.UTF-8/LC_CTYPE
7f29092cc000-7f290943f000 r--p 00000000 fc:01 7801                       /usr/lib/locale/C.UTF-8/LC_COLLATE
7f290943f000-7f29095da000 r--p 00000000 fc:01 7796                       /usr/lib/locale/locale-archive
7f29095da000-7f29095dd000 ---p 00000000 00:00 0 
7f29095dd000-7f29096db000 rw-p 00000000 00:00 0 
7f29096db000-7f29096de000 ---p 00000000 00:00 0 
7f29096de000-7f29097dc000 rw-p 00000000 00:00 0 
7f29097dc000-7f29097dd000 ---p 00000000 00:00 0 
7f29097dd000-7f290992b000 rw-p 00000000 00:00 0 
7f290992b000-7f2909afd000 r--s 03ca5000 fc:01 532096                     /usr/lib/jvm/java-8-openjdk-amd64/jre/lib/rt.jar
7f2909afd000-7f290a3f6000 rw-p 00000000 00:00 0 
7f290a3f6000-7f290a46f000 rw-p 00000000 00:00 0 
7f290a46f000-7f290a7b6000 ---p 00000000 00:00 0 
7f290a7b6000-7f290a7be000 r-xp 00000000 fc:01 532053                     /usr/lib/jvm/java-8-openjdk-amd64/jre/lib/amd64/libzip.so
7f290a7be000-7f290a9bd000 ---p 00008000 fc:01 532053                     /usr/lib/jvm/java-8-openjdk-amd64/jre/lib/amd64/libzip.so
7f290a9bd000-7f290a9be000 r--p 00007000 fc:01 532053                     /usr/lib/jvm/java-8-openjdk-amd64/jre/lib/amd64/libzip.so
7f290a9be000-7f290a9bf000 rw-p 00008000 fc:01 532053                     /usr/lib/jvm/java-8-openjdk-amd64/jre/lib/amd64/libzip.so
7f290a9bf000-7f290a9ca000 r-xp 00000000 fc:01 2093                       /lib/x86_64-linux-gnu/libnss_files-2.27.so
7f290a9ca000-7f290abc9000 ---p 0000b000 fc:01 2093                       /lib/x86_64-linux-gnu/libnss_files-2.27.so
7f290abc9000-7f290abca000 r--p 0000a000 fc:01 2093                       /lib/x86_64-linux-gnu/libnss_files-2.27.so
7f290abca000-7f290abcb000 rw-p 0000b000 fc:01 2093                       /lib/x86_64-linux-gnu/libnss_files-2.27.so
7f290abcb000-7f290abd1000 rw-p 00000000 00:00 0 
7f290abd1000-7f290abe8000 r-xp 00000000 fc:01 2090                       /lib/x86_64-linux-gnu/libnsl-2.27.so
7f290abe8000-7f290ade7000 ---p 00017000 fc:01 2090                       /lib/x86_64-linux-gnu/libnsl-2.27.so
7f290ade7000-7f290ade8000 r--p 00016000 fc:01 2090                       /lib/x86_64-linux-gnu/libnsl-2.27.so
7f290ade8000-7f290ade9000 rw-p 00017000 fc:01 2090                       /lib/x86_64-linux-gnu/libnsl-2.27.so
7f290ade9000-7f290adeb000 rw-p 00000000 00:00 0 
7f290adeb000-7f290adf6000 r-xp 00000000 fc:01 2095                       /lib/x86_64-linux-gnu/libnss_nis-2.27.so
7f290adf6000-7f290aff5000 ---p 0000b000 fc:01 2095                       /lib/x86_64-linux-gnu/libnss_nis-2.27.so
7f290aff5000-7f290aff6000 r--p 0000a000 fc:01 2095                       /lib/x86_64-linux-gnu/libnss_nis-2.27.so
7f290aff6000-7f290aff7000 rw-p 0000b000 fc:01 2095                       /lib/x86_64-linux-gnu/libnss_nis-2.27.so
7f290aff7000-7f290afff000 r-xp 00000000 fc:01 2091                       /lib/x86_64-linux-gnu/libnss_compat-2.27.so
7f290afff000-7f290b1ff000 ---p 00008000 fc:01 2091                       /lib/x86_64-linux-gnu/libnss_compat-2.27.so
7f290b1ff000-7f290b200000 r--p 00008000 fc:01 2091                       /lib/x86_64-linux-gnu/libnss_compat-2.27.so
7f290b200000-7f290b201000 rw-p 00009000 fc:01 2091                       /lib/x86_64-linux-gnu/libnss_compat-2.27.so
7f290b201000-7f290b22b000 r-xp 00000000 fc:01 532034                     /usr/lib/jvm/java-8-openjdk-amd64/jre/lib/amd64/libjava.so
7f290b22b000-7f290b42a000 ---p 0002a000 fc:01 532034                     /usr/lib/jvm/java-8-openjdk-amd64/jre/lib/amd64/libjava.so
7f290b42a000-7f290b42b000 r--p 00029000 fc:01 532034                     /usr/lib/jvm/java-8-openjdk-amd64/jre/lib/amd64/libjava.so
7f290b42b000-7f290b42d000 rw-p 0002a000 fc:01 532034                     /usr/lib/jvm/java-8-openjdk-amd64/jre/lib/amd64/libjava.so
7f290b42d000-7f290b43d000 r-xp 00000000 fc:01 532052                     /usr/lib/jvm/java-8-openjdk-amd64/jre/lib/amd64/libverify.so
7f290b43d000-7f290b63c000 ---p 00010000 fc:01 532052                     /usr/lib/jvm/java-8-openjdk-amd64/jre/lib/amd64/libverify.so
7f290b63c000-7f290b63e000 r--p 0000f000 fc:01 532052                     /usr/lib/jvm/java-8-openjdk-amd64/jre/lib/amd64/libverify.so
7f290b63e000-7f290b63f000 rw-p 00011000 fc:01 532052                     /usr/lib/jvm/java-8-openjdk-amd64/jre/lib/amd64/libverify.so
7f290b63f000-7f290b646000 r-xp 00000000 fc:01 2180                       /lib/x86_64-linux-gnu/librt-2.27.so
7f290b646000-7f290b845000 ---p 00007000 fc:01 2180                       /lib/x86_64-linux-gnu/librt-2.27.so
7f290b845000-7f290b846000 r--p 00006000 fc:01 2180                       /lib/x86_64-linux-gnu/librt-2.27.so
7f290b846000-7f290b847000 rw-p 00007000 fc:01 2180                       /lib/x86_64-linux-gnu/librt-2.27.so
7f290b847000-7f290b85e000 r-xp 00000000 fc:01 2096                       /lib/x86_64-linux-gnu/libgcc_s.so.1
7f290b85e000-7f290ba5d000 ---p 00017000 fc:01 2096                       /lib/x86_64-linux-gnu/libgcc_s.so.1
7f290ba5d000-7f290ba5e000 r--p 00016000 fc:01 2096                       /lib/x86_64-linux-gnu/libgcc_s.so.1
7f290ba5e000-7f290ba5f000 rw-p 00017000 fc:01 2096                       /lib/x86_64-linux-gnu/libgcc_s.so.1
7f290ba5f000-7f290bbfc000 r-xp 00000000 fc:01 2087                       /lib/x86_64-linux-gnu/libm-2.27.so
7f290bbfc000-7f290bdfb000 ---p 0019d000 fc:01 2087                       /lib/x86_64-linux-gnu/libm-2.27.so
7f290bdfb000-7f290bdfc000 r--p 0019c000 fc:01 2087                       /lib/x86_64-linux-gnu/libm-2.27.so
7f290bdfc000-7f290bdfd000 rw-p 0019d000 fc:01 2087                       /lib/x86_64-linux-gnu/libm-2.27.so
7f290bdfd000-7f290bf76000 r-xp 00000000 fc:01 5017                       /usr/lib/x86_64-linux-gnu/libstdc++.so.6.0.25
7f290bf76000-7f290c176000 ---p 00179000 fc:01 5017                       /usr/lib/x86_64-linux-gnu/libstdc++.so.6.0.25
7f290c176000-7f290c180000 r--p 00179000 fc:01 5017                       /usr/lib/x86_64-linux-gnu/libstdc++.so.6.0.25
7f290c180000-7f290c182000 rw-p 00183000 fc:01 5017                       /usr/lib/x86_64-linux-gnu/libstdc++.so.6.0.25
7f290c182000-7f290c186000 rw-p 00000000 00:00 0 
7f290c186000-7f290ce2a000 r-xp 00000000 fc:01 532056                     /usr/lib/jvm/java-8-openjdk-amd64/jre/lib/amd64/server/libjvm.so
7f290ce2a000-7f290d02a000 ---p 00ca4000 fc:01 532056                     /usr/lib/jvm/java-8-openjdk-amd64/jre/lib/amd64/server/libjvm.so
7f290d02a000-7f290d0be000 r--p 00ca4000 fc:01 532056                     /usr/lib/jvm/java-8-openjdk-amd64/jre/lib/amd64/server/libjvm.so
7f290d0be000-7f290d0e7000 rw-p 00d38000 fc:01 532056                     /usr/lib/jvm/java-8-openjdk-amd64/jre/lib/amd64/server/libjvm.so
7f290d0e7000-7f290d117000 rw-p 00000000 00:00 0 
7f290d117000-7f290d131000 r-xp 00000000 fc:01 2178                       /lib/x86_64-linux-gnu/libpthread-2.27.so
7f290d131000-7f290d330000 ---p 0001a000 fc:01 2178                       /lib/x86_64-linux-gnu/libpthread-2.27.so
7f290d330000-7f290d331000 r--p 00019000 fc:01 2178                       /lib/x86_64-linux-gnu/libpthread-2.27.so
7f290d331000-7f290d332000 rw-p 0001a000 fc:01 2178                       /lib/x86_64-linux-gnu/libpthread-2.27.so
7f290d332000-7f290d336000 rw-p 00000000 00:00 0 
7f290d336000-7f290d339000 r-xp 00000000 fc:01 2086                       /lib/x86_64-linux-gnu/libdl-2.27.so
7f290d339000-7f290d538000 ---p 00003000 fc:01 2086                       /lib/x86_64-linux-gnu/libdl-2.27.so
7f290d538000-7f290d539000 r--p 00002000 fc:01 2086                       /lib/x86_64-linux-gnu/libdl-2.27.so
7f290d539000-7f290d53a000 rw-p 00003000 fc:01 2086                       /lib/x86_64-linux-gnu/libdl-2.27.so
7f290d53a000-7f290d556000 r-xp 00000000 fc:01 2183                       /lib/x86_64-linux-gnu/libz.so.1.2.11
7f290d556000-7f290d755000 ---p 0001c000 fc:01 2183                       /lib/x86_64-linux-gnu/libz.so.1.2.11
7f290d755000-7f290d756000 r--p 0001b000 fc:01 2183                       /lib/x86_64-linux-gnu/libz.so.1.2.11
7f290d756000-7f290d757000 rw-p 0001c000 fc:01 2183                       /lib/x86_64-linux-gnu/libz.so.1.2.11
7f290d757000-7f290d93e000 r-xp 00000000 fc:01 2083                       /lib/x86_64-linux-gnu/libc-2.27.so
7f290d93e000-7f290db3e000 ---p 001e7000 fc:01 2083                       /lib/x86_64-linux-gnu/libc-2.27.so
7f290db3e000-7f290db42000 r--p 001e7000 fc:01 2083                       /lib/x86_64-linux-gnu/libc-2.27.so
7f290db42000-7f290db44000 rw-p 001eb000 fc:01 2083                       /lib/x86_64-linux-gnu/libc-2.27.so
7f290db44000-7f290db48000 rw-p 00000000 00:00 0 
7f290db48000-7f290db56000 r-xp 00000000 fc:01 532020                     /usr/lib/jvm/java-8-openjdk-amd64/jre/lib/amd64/jli/libjli.so
7f290db56000-7f290dd55000 ---p 0000e000 fc:01 532020                     /usr/lib/jvm/java-8-openjdk-amd64/jre/lib/amd64/jli/libjli.so
7f290dd55000-7f290dd56000 r--p 0000d000 fc:01 532020                     /usr/lib/jvm/java-8-openjdk-amd64/jre/lib/amd64/jli/libjli.so
7f290dd56000-7f290dd57000 rw-p 0000e000 fc:01 532020                     /usr/lib/jvm/java-8-openjdk-amd64/jre/lib/amd64/jli/libjli.so
7f290dd57000-7f290dd7e000 r-xp 00000000 fc:01 2079                       /lib/x86_64-linux-gnu/ld-2.27.so
7f290dd7e000-7f290dd7f000 r--s 0000d000 fc:01 532073                     /usr/lib/jvm/java-8-openjdk-amd64/jre/lib/ext/sunec.jar
7f290dd7f000-7f290dd81000 r--s 00001000 fc:01 532068                     /usr/lib/jvm/java-8-openjdk-amd64/jre/lib/ext/dnsns.jar
7f290dd81000-7f290dd84000 r--s 0000f000 fc:01 532069                     /usr/lib/jvm/java-8-openjdk-amd64/jre/lib/ext/icedtea-sound.jar
7f290dd84000-7f290dd8e000 r--s 00116000 fc:01 532071                     /usr/lib/jvm/java-8-openjdk-amd64/jre/lib/ext/localedata.jar
7f290dd8e000-7f290dd8f000 r--p 00000000 fc:01 7807                       /usr/lib/locale/C.UTF-8/LC_NUMERIC
7f290dd8f000-7f290dd90000 r--p 00000000 fc:01 7810                       /usr/lib/locale/C.UTF-8/LC_TIME
7f290dd90000-7f290dd91000 r--p 00000000 fc:01 7805                       /usr/lib/locale/C.UTF-8/LC_MONETARY
7f290dd91000-7f290dd92000 r--p 00000000 fc:01 7799                       /usr/lib/locale/C.UTF-8/LC_MESSAGES/SYS_LC_MESSAGES
7f290dd92000-7f290dd93000 r--p 00000000 fc:01 7808                       /usr/lib/locale/C.UTF-8/LC_PAPER
7f290dd93000-7f290dd9a000 r--s 00000000 fc:01 5010                       /usr/lib/x86_64-linux-gnu/gconv/gconv-modules.cache
7f290dd9a000-7f290dde5000 rw-p 00000000 00:00 0 
7f290dde5000-7f290dded000 ---p 00000000 00:00 0 
7f290dded000-7f290de0c000 rw-p 00000000 00:00 0 
7f290de0c000-7f290de16000 ---p 00000000 00:00 0 
7f290de16000-7f290de61000 rw-p 00000000 00:00 0 
7f290de61000-7f290de69000 ---p 00000000 00:00 0 
7f290de69000-7f290de6a000 rw-p 00000000 00:00 0 
7f290de6a000-7f290de72000 rw-s 00000000 fc:01 531798                     /tmp/hsperfdata_root/25433
7f290de72000-7f290de73000 ---p 00000000 00:00 0 
7f290de73000-7f290de76000 ---p 00000000 00:00 0 
7f290de76000-7f290df75000 rw-p 00000000 00:00 0 
7f290df75000-7f290df76000 r--p 00000000 fc:01 7806                       /usr/lib/locale/C.UTF-8/LC_NAME
7f290df76000-7f290df77000 r--p 00000000 fc:01 7800                       /usr/lib/locale/C.UTF-8/LC_ADDRESS
7f290df77000-7f290df78000 r--p 00000000 fc:01 7809                       /usr/lib/locale/C.UTF-8/LC_TELEPHONE
7f290df78000-7f290df79000 r--p 00000000 fc:01 7804                       /usr/lib/locale/C.UTF-8/LC_MEASUREMENT
7f290df79000-7f290df7a000 r--p 00000000 fc:01 7803                       /usr/lib/locale/C.UTF-8/LC_IDENTIFICATION
7f290df7a000-7f290df7b000 rw-p 00000000 00:00 0 
7f290df7b000-7f290df7c000 ---p 00000000 00:00 0 
7f290df7c000-7f290df7e000 rw-p 00000000 00:00 0 
7f290df7e000-7f290df7f000 r--p 00027000 fc:01 2079                       /lib/x86_64-linux-gnu/ld-2.27.so
7f290df7f000-7f290df80000 rw-p 00028000 fc:01 2079                       /lib/x86_64-linux-gnu/ld-2.27.so
7f290df80000-7f290df81000 rw-p 00000000 00:00 0 
7ffef0f40000-7ffef0f61000 rw-p 00000000 00:00 0                          [stack]
7ffef0fe5000-7ffef0fe8000 r--p 00000000 00:00 0                          [vvar]
7ffef0fe8000-7ffef0fea000 r-xp 00000000 00:00 0                          [vdso]
ffffffffff600000-ffffffffff601000 r-xp 00000000 00:00 0                  [vsyscall]

VM Arguments:
jvm_args: -Dclassworlds.conf=/usr/share/maven/bin/m2.conf -Dmaven.home=/usr/share/maven -Dlibrary.jansi.path=/usr/share/maven/lib/jansi-native -Dmaven.multiModuleProjectDirectory=/home/nimbus/nimbus-service 
java_command: org.codehaus.plexus.classworlds.launcher.Launcher clean install
java_class_path (initial): /usr/share/maven/boot/plexus-classworlds-2.x.jar
Launcher Type: SUN_STANDARD

Environment Variables:
PATH=/usr/local/sbin:/usr/local/bin:/usr/sbin:/usr/bin:/sbin:/bin:/usr/games:/usr/local/games:/snap/bin
SHELL=/bin/bash

Signal Handlers:
SIGSEGV: [libjvm.so+0xabd470], sa_mask[0]=11111111011111111101111111111110, sa_flags=SA_RESTART|SA_SIGINFO
SIGBUS: [libjvm.so+0xabd470], sa_mask[0]=11111111011111111101111111111110, sa_flags=SA_RESTART|SA_SIGINFO
SIGFPE: [libjvm.so+0x8f1c90], sa_mask[0]=11111111011111111101111111111110, sa_flags=SA_RESTART|SA_SIGINFO
SIGPIPE: [libjvm.so+0x8f1c90], sa_mask[0]=11111111011111111101111111111110, sa_flags=SA_RESTART|SA_SIGINFO
SIGXFSZ: [libjvm.so+0x8f1c90], sa_mask[0]=11111111011111111101111111111110, sa_flags=SA_RESTART|SA_SIGINFO
SIGILL: [libjvm.so+0x8f1c90], sa_mask[0]=11111111011111111101111111111110, sa_flags=SA_RESTART|SA_SIGINFO
SIGUSR1: SIG_DFL, sa_mask[0]=00000000000000000000000000000000, sa_flags=none
SIGUSR2: [libjvm.so+0x8f1b40], sa_mask[0]=00000000000000000000000000000000, sa_flags=SA_RESTART|SA_SIGINFO
SIGHUP: [libjvm.so+0x8f21b0], sa_mask[0]=11111111011111111101111111111110, sa_flags=SA_RESTART|SA_SIGINFO
SIGINT: [libjvm.so+0x8f21b0], sa_mask[0]=11111111011111111101111111111110, sa_flags=SA_RESTART|SA_SIGINFO
SIGTERM: [libjvm.so+0x8f21b0], sa_mask[0]=11111111011111111101111111111110, sa_flags=SA_RESTART|SA_SIGINFO
SIGQUIT: [libjvm.so+0x8f21b0], sa_mask[0]=11111111011111111101111111111110, sa_flags=SA_RESTART|SA_SIGINFO


---------------  S Y S T E M  ---------------

OS:DISTRIB_ID=Ubuntu
DISTRIB_RELEASE=18.04
DISTRIB_CODENAME=bionic
DISTRIB_DESCRIPTION="Ubuntu 18.04.3 LTS"

uname:Linux 4.15.0-66-generic #75-Ubuntu SMP Tue Oct 1 05:24:09 UTC 2019 x86_64
libc:glibc 2.27 NPTL 2.27 
rlimit: STACK 8192k, CORE 0k, NPROC 3842, NOFILE 1048576, AS infinity
load average:0.65 0.46 0.36

/proc/meminfo:
MemTotal:        1009176 kB
MemFree:           55120 kB
MemAvailable:          0 kB
Buffers:             336 kB
Cached:             5804 kB
SwapCached:            0 kB
Active:           867700 kB
Inactive:           4316 kB
Active(anon):     866532 kB
Inactive(anon):     2700 kB
Active(file):       1168 kB
Inactive(file):     1616 kB
Unevictable:           0 kB
Mlocked:               0 kB
SwapTotal:             0 kB
SwapFree:              0 kB
Dirty:                56 kB
Writeback:             0 kB
AnonPages:        865996 kB
Mapped:             4304 kB
Shmem:              3224 kB
Slab:              50896 kB
SReclaimable:      21124 kB
SUnreclaim:        29772 kB
KernelStack:        3356 kB
PageTables:         8216 kB
NFS_Unstable:          0 kB
Bounce:                0 kB
WritebackTmp:          0 kB
CommitLimit:      504588 kB
Committed_AS:    2345688 kB
VmallocTotal:   34359738367 kB
VmallocUsed:           0 kB
VmallocChunk:          0 kB
HardwareCorrupted:     0 kB
AnonHugePages:         0 kB
ShmemHugePages:        0 kB
ShmemPmdMapped:        0 kB
CmaTotal:              0 kB
CmaFree:               0 kB
HugePages_Total:       0
HugePages_Free:        0
HugePages_Rsvd:        0
HugePages_Surp:        0
Hugepagesize:       2048 kB
DirectMap4k:       88044 kB
DirectMap2M:      960512 kB
DirectMap1G:           0 kB

container (cgroup) information:
container_type: cgroupv1
cpu_cpuset_cpus: 0
cpu_memory_nodes: 0
active_processor_count: 1
cpu_quota: -1
cpu_period: 100000
cpu_shares: -1
memory_limit_in_bytes: -1
memory_and_swap_limit_in_bytes: -2
memory_soft_limit_in_bytes: -1
memory_usage_in_bytes: 372793344
memory_max_usage_in_bytes: 777687040


CPU:total 1 (initial active 1) (1 cores per cpu, 1 threads per core) family 6 model 85 stepping 4, cmov, cx8, fxsr, mmx, sse, sse2, sse3, ssse3, sse4.1, sse4.2, popcnt, avx, avx2, aes, clmul, erms, 3dnowpref, lzcnt, tsc, bmi1, bmi2, adx

/proc/cpuinfo:
processor	: 0
vendor_id	: GenuineIntel
cpu family	: 6
model		: 85
model name	: Intel(R) Xeon(R) Gold 6140 CPU @ 2.30GHz
stepping	: 4
microcode	: 0x1
cpu MHz		: 2294.608
cache size	: 4096 KB
physical id	: 0
siblings	: 1
core id		: 0
cpu cores	: 1
apicid		: 0
initial apicid	: 0
fpu		: yes
fpu_exception	: yes
cpuid level	: 13
wp		: yes
flags		: fpu vme de pse tsc msr pae mce cx8 apic sep mtrr pge mca cmov pat pse36 clflush mmx fxsr sse sse2 ss syscall nx pdpe1gb rdtscp lm constant_tsc arch_perfmon rep_good nopl cpuid tsc_known_freq pni pclmulqdq vmx ssse3 fma cx16 pcid sse4_1 sse4_2 x2apic movbe popcnt tsc_deadline_timer aes xsave avx f16c rdrand hypervisor lahf_lm abm 3dnowprefetch cpuid_fault invpcid_single pti ssbd ibrs ibpb tpr_shadow vnmi flexpriority ept vpid fsgsbase tsc_adjust bmi1 avx2 smep bmi2 erms invpcid mpx avx512f avx512dq rdseed adx smap clflushopt clwb avx512cd avx512bw avx512vl xsaveopt xsavec xgetbv1 pku ospke md_clear
bugs		: cpu_meltdown spectre_v1 spectre_v2 spec_store_bypass l1tf mds swapgs
bogomips	: 4589.21
clflush size	: 64
cache_alignment	: 64
address sizes	: 40 bits physical, 48 bits virtual
power management:



Memory: 4k page, physical 1009176k(55228k free), swap 0k(0k free)

vm_info: OpenJDK 64-Bit Server VM (25.252-b09) for linux-amd64 JRE (1.8.0_252-8u252-b09-1~18.04-b09), built on Apr 15 2020 18:48:05 by "buildd" with gcc 7.5.0

time: Mon Jun 29 15:12:19 2020
timezone: UTC
elapsed time: 283 seconds (0d 0h 4m 43s)

